2020-02-07 17:41:55,742 - __main__ - INFO - Initializing Gsheet_updater...
2020-02-07 17:41:55,744 - oauth2client.client - INFO - Refreshing access_token
2020-02-07 17:41:57,906 - __main__ - INFO - Updating 0
2020-02-07 17:42:08,979 - __main__ - INFO - Updating 1
2020-02-07 17:42:13,377 - __main__ - INFO - Updating 2
2020-02-07 17:42:17,803 - __main__ - INFO - Updating 3
2020-02-07 17:42:22,168 - __main__ - INFO - Updating 4
2020-02-07 17:42:26,558 - __main__ - INFO - Updating 5
2020-02-07 17:42:30,683 - __main__ - INFO - Updating 6
2020-02-07 17:42:34,743 - __main__ - INFO - Updating 7
2020-02-07 17:42:38,743 - __main__ - INFO - Updating 8
2020-02-07 17:42:42,800 - __main__ - INFO - Updating 9
2020-02-07 17:42:46,833 - __main__ - INFO - Updating 10
2020-02-07 17:42:50,862 - __main__ - INFO - Updating 11
2020-02-07 17:42:55,001 - __main__ - INFO - Updating 12
2020-02-07 17:42:59,076 - __main__ - INFO - Updating 13
2020-02-07 17:43:03,063 - __main__ - INFO - Updating 14
2020-02-07 17:43:07,347 - __main__ - INFO - Updating 15
2020-02-07 17:43:11,415 - __main__ - INFO - Updating 16
2020-02-07 17:43:15,443 - __main__ - INFO - Updating 17
2020-02-07 17:43:19,562 - __main__ - INFO - Updating 18
2020-02-07 17:43:23,617 - __main__ - INFO - Updating 19
2020-02-07 17:43:27,662 - __main__ - INFO - Updating 20
2020-02-07 17:43:31,675 - __main__ - INFO - Updating 21
2020-02-07 17:43:35,657 - __main__ - INFO - Updating 22
2020-02-07 17:43:39,749 - __main__ - INFO - Updating 23
2020-02-07 17:43:43,750 - __main__ - INFO - Updating 24
2020-02-07 17:43:47,798 - __main__ - INFO - Updating 25
2020-02-07 17:43:51,799 - __main__ - INFO - Updating 26
2020-02-07 17:43:55,901 - __main__ - INFO - Updating 27
2020-02-07 17:43:59,894 - __main__ - INFO - Updating 28
2020-02-07 17:44:03,870 - __main__ - INFO - Updating 29
2020-02-07 17:44:07,854 - __main__ - INFO - Updating 30
2020-02-07 17:44:11,874 - __main__ - INFO - Updating 31
2020-02-07 17:44:15,926 - __main__ - INFO - Updating 32
2020-02-07 17:44:20,055 - __main__ - INFO - Updating 33
2020-02-07 17:44:24,022 - __main__ - INFO - Updating 34
2020-02-07 17:44:28,002 - __main__ - INFO - Updating 35
2020-02-07 17:44:32,071 - __main__ - INFO - Updating 36
2020-02-07 17:44:36,073 - __main__ - INFO - Updating 37
2020-02-07 17:44:40,039 - __main__ - INFO - Updating 38
2020-02-07 17:44:44,047 - __main__ - INFO - Updating 39
2020-02-07 17:44:48,090 - __main__ - INFO - Updating 40
2020-02-07 17:44:52,082 - __main__ - INFO - Updating 41
2020-02-07 17:44:56,063 - __main__ - INFO - Updating 42
2020-02-07 17:45:00,066 - __main__ - INFO - Updating 43
2020-02-07 17:45:04,031 - __main__ - INFO - Updating 44
2020-02-07 17:45:08,115 - __main__ - INFO - Updating 45
2020-02-07 17:45:12,116 - __main__ - INFO - Updating 46
2020-02-07 17:45:16,110 - __main__ - INFO - Updating 47
2020-02-07 17:45:20,169 - __main__ - INFO - Updating 48
2020-02-07 17:45:24,250 - __main__ - INFO - Updating 49
2020-02-07 17:45:28,458 - __main__ - INFO - Updating 50
2020-02-07 17:45:32,431 - __main__ - INFO - Updating 51
2020-02-07 17:45:37,784 - __main__ - INFO - Updating 52
2020-02-07 17:45:41,835 - __main__ - INFO - Updating 53
2020-02-07 17:45:45,839 - __main__ - INFO - Updating 54
2020-02-07 17:45:49,868 - __main__ - INFO - Updating 55
2020-02-07 17:45:53,875 - __main__ - INFO - Updating 56
2020-02-07 17:45:57,965 - __main__ - INFO - Updating 57
2020-02-07 17:46:02,042 - __main__ - INFO - Updating 58
2020-02-07 17:46:06,051 - __main__ - INFO - Updating 59
2020-02-07 17:46:10,087 - __main__ - INFO - Updating 60
2020-02-07 17:46:14,126 - __main__ - INFO - Updating 61
2020-02-07 17:46:18,494 - __main__ - INFO - Updating 62
2020-02-07 17:46:22,695 - __main__ - INFO - Updating 63
2020-02-07 17:46:26,711 - __main__ - INFO - Updating 64
2020-02-07 17:46:30,719 - __main__ - INFO - Updating 65
2020-02-07 17:46:34,840 - __main__ - INFO - Updating 66
2020-02-07 17:46:38,890 - __main__ - INFO - Updating 67
2020-02-07 17:46:42,929 - __main__ - INFO - Updating 68
2020-02-07 17:46:47,031 - __main__ - INFO - Updating 69
2020-02-07 17:46:51,034 - __main__ - INFO - Updating 70
2020-02-07 17:46:55,776 - __main__ - INFO - Updating 71
2020-02-07 17:46:59,962 - __main__ - INFO - Updating 72
2020-02-07 17:47:04,171 - __main__ - INFO - Updating 73
2020-02-07 17:47:08,185 - __main__ - INFO - Updating 74
2020-02-07 17:47:12,434 - __main__ - INFO - Updating 75
2020-02-07 17:47:16,438 - __main__ - INFO - Updating 76
2020-02-07 17:47:21,135 - __main__ - INFO - Updating 77
2020-02-07 17:47:25,139 - __main__ - INFO - Updating 78
2020-02-07 17:47:29,133 - __main__ - INFO - Updating 79
2020-02-07 17:47:33,243 - __main__ - INFO - Updating 80
2020-02-07 17:47:37,535 - __main__ - INFO - Updating 81
2020-02-07 17:47:42,427 - __main__ - INFO - Updating 82
2020-02-07 17:47:46,419 - __main__ - INFO - Updating 83
2020-02-07 17:47:50,391 - __main__ - INFO - Updating 84
2020-02-07 17:47:54,453 - __main__ - INFO - Updating 85
2020-02-07 17:47:58,543 - __main__ - INFO - Updating 86
2020-02-07 17:48:02,519 - __main__ - INFO - Updating 87
2020-02-07 17:48:06,539 - __main__ - INFO - Updating 88
2020-02-07 17:48:11,151 - __main__ - INFO - Updating 89
2020-02-07 17:48:15,113 - __main__ - INFO - Updating 90
2020-02-07 17:48:19,231 - __main__ - INFO - Updating 91
2020-02-07 17:48:23,257 - __main__ - INFO - Updating 92
2020-02-07 17:48:27,254 - __main__ - INFO - Updating 93
2020-02-07 17:48:31,251 - __main__ - INFO - Updating 94
2020-02-07 17:48:35,281 - __main__ - INFO - Updating 95
2020-02-07 17:48:39,467 - __main__ - INFO - Updating 96
2020-02-07 17:48:43,593 - __main__ - INFO - Updating 97
2020-02-07 17:48:47,725 - __main__ - INFO - Updating 98
2020-02-07 17:48:51,943 - __main__ - INFO - Updating 99
2020-02-07 17:48:55,947 - __main__ - INFO - Updating 100
2020-02-07 17:49:00,095 - __main__ - INFO - Updating 101
2020-02-07 17:49:04,086 - __main__ - INFO - Updating 102
2020-02-07 17:49:08,054 - __main__ - INFO - Updating 103
2020-02-07 17:49:12,055 - __main__ - INFO - Updating 104
2020-02-07 17:49:16,052 - __main__ - INFO - Updating 105
2020-02-07 17:49:20,019 - __main__ - INFO - Updating 106
2020-02-07 17:49:24,282 - __main__ - INFO - Updating 107
2020-02-07 17:49:28,271 - __main__ - INFO - Updating 108
2020-02-07 17:49:32,255 - __main__ - INFO - Updating 109
2020-02-07 17:49:36,380 - __main__ - INFO - Updating 110
2020-02-07 17:49:40,465 - __main__ - INFO - Updating 111
2020-02-07 17:49:44,587 - __main__ - INFO - Updating 112
2020-02-07 17:49:48,626 - __main__ - INFO - Updating 113
2020-02-07 17:49:52,708 - __main__ - INFO - Updating 114
2020-02-07 17:49:56,799 - __main__ - INFO - Updating 115
2020-02-07 17:50:00,934 - __main__ - INFO - Updating 116
2020-02-07 17:50:04,939 - __main__ - INFO - Updating 117
2020-02-07 17:50:09,091 - __main__ - INFO - Updating 118
2020-02-07 17:50:13,163 - __main__ - INFO - Updating 119
2020-02-07 17:50:17,134 - __main__ - INFO - Updating 120
2020-02-07 17:50:21,109 - __main__ - INFO - Updating 121
2020-02-07 17:50:25,106 - __main__ - INFO - Updating 122
2020-02-07 17:50:29,219 - __main__ - INFO - Updating 123
2020-02-07 17:50:33,219 - __main__ - INFO - Updating 124
2020-02-07 17:50:37,794 - __main__ - INFO - Updating 125
2020-02-07 17:50:41,812 - __main__ - INFO - Updating 126
2020-02-07 17:50:45,861 - __main__ - INFO - Updating 127
2020-02-07 17:50:49,897 - __main__ - INFO - Updating 128
2020-02-07 17:50:53,903 - __main__ - INFO - Updating 129
2020-02-07 17:50:57,869 - __main__ - INFO - Updating 130
2020-02-07 17:51:01,930 - __main__ - INFO - Updating 131
2020-02-07 17:51:06,089 - __main__ - INFO - Updating 132
2020-02-07 17:51:10,369 - __main__ - INFO - Updating 133
2020-02-07 17:51:14,471 - __main__ - INFO - Updating 134
2020-02-07 17:51:18,426 - __main__ - INFO - Updating 135
2020-02-07 17:51:22,453 - __main__ - INFO - Updating 136
2020-02-07 17:51:26,459 - __main__ - INFO - Updating 137
2020-02-07 17:51:30,438 - __main__ - INFO - Updating 138
2020-02-07 17:51:34,422 - __main__ - INFO - Updating 139
2020-02-07 17:51:38,484 - __main__ - INFO - Updating 140
2020-02-07 17:51:42,551 - __main__ - INFO - Updating 141
2020-02-07 17:51:46,565 - __main__ - INFO - Updating 142
2020-02-07 17:51:50,573 - __main__ - INFO - Updating 143
2020-02-07 17:51:54,570 - __main__ - INFO - Updating 144
2020-02-07 17:51:58,570 - __main__ - INFO - Updating 145
2020-02-07 17:52:02,619 - __main__ - INFO - Updating 146
2020-02-07 17:52:06,619 - __main__ - INFO - Updating 147
2020-02-07 17:52:10,741 - __main__ - INFO - Updating 148
2020-02-07 17:52:14,813 - __main__ - INFO - Updating 149
2020-02-07 17:52:19,081 - __main__ - INFO - Updating 150
2020-02-07 17:52:23,090 - __main__ - INFO - Updating 151
2020-02-07 17:52:27,073 - __main__ - INFO - Updating 152
2020-02-07 17:52:31,058 - __main__ - INFO - Updating 153
2020-02-07 17:52:35,084 - __main__ - INFO - Updating 154
2020-02-07 17:52:39,195 - __main__ - INFO - Updating 155
2020-02-07 17:52:43,379 - __main__ - INFO - Updating 156
2020-02-07 17:52:48,084 - __main__ - INFO - Updating 157
2020-02-07 17:52:52,207 - __main__ - INFO - Updating 158
2020-02-07 17:52:56,215 - __main__ - INFO - Updating 159
2020-02-07 17:53:00,228 - __main__ - INFO - Updating 160
2020-02-07 17:53:04,219 - __main__ - INFO - Updating 161
2020-02-07 17:53:08,234 - __main__ - INFO - Updating 162
2020-02-07 17:53:12,305 - __main__ - INFO - Updating 163
2020-02-07 17:53:16,432 - __main__ - INFO - Updating 164
2020-02-07 17:53:20,495 - __main__ - INFO - Updating 165
2020-02-07 17:53:24,491 - __main__ - INFO - Updating 166
2020-02-07 17:53:28,497 - __main__ - INFO - Updating 167
2020-02-07 17:53:32,500 - __main__ - INFO - Updating 168
2020-02-07 17:53:36,867 - __main__ - INFO - Updating 169
2020-02-07 17:53:40,939 - __main__ - INFO - Updating 170
2020-02-07 17:53:44,957 - __main__ - INFO - Updating 171
2020-02-07 17:53:49,007 - __main__ - INFO - Updating 172
2020-02-07 17:53:53,163 - __main__ - INFO - Updating 173
2020-02-07 17:53:57,204 - __main__ - INFO - Updating 174
2020-02-07 17:54:01,210 - __main__ - INFO - Updating 175
2020-02-07 17:54:05,343 - __main__ - INFO - Updating 176
2020-02-07 17:54:09,442 - __main__ - INFO - Updating 177
2020-02-07 17:54:13,575 - __main__ - INFO - Updating 178
2020-02-07 17:54:18,011 - __main__ - INFO - Updating 179
2020-02-07 17:54:21,978 - __main__ - INFO - Updating 180
2020-02-07 17:54:26,171 - __main__ - INFO - Updating 181
2020-02-07 17:54:30,221 - __main__ - INFO - Updating 182
2020-02-07 17:54:34,207 - __main__ - INFO - Updating 183
2020-02-07 17:54:38,289 - __main__ - INFO - Updating 184
2020-02-07 17:54:42,283 - __main__ - INFO - Updating 185
2020-02-07 17:54:46,356 - __main__ - INFO - Updating 186
2020-02-07 17:54:50,337 - __main__ - INFO - Updating 187
2020-02-07 17:54:54,401 - __main__ - INFO - Updating 188
2020-02-07 17:54:58,491 - __main__ - INFO - Updating 189
2020-02-07 17:55:02,481 - __main__ - INFO - Updating 190
2020-02-07 17:55:06,585 - __main__ - INFO - Updating 191
2020-02-07 17:55:10,602 - __main__ - INFO - Updating 192
2020-02-07 17:55:14,633 - __main__ - INFO - Updating 193
2020-02-07 17:55:18,656 - __main__ - INFO - Updating 194
2020-02-07 17:55:22,663 - __main__ - INFO - Updating 195
2020-02-07 17:55:26,746 - __main__ - INFO - Updating 196
2020-02-07 17:55:30,774 - __main__ - INFO - Updating 197
2020-02-07 17:55:34,977 - __main__ - INFO - Updating 198
2020-02-07 17:55:39,103 - __main__ - INFO - Updating 199
2020-02-07 17:55:43,081 - __main__ - INFO - Updating 200
2020-02-07 17:55:47,127 - __main__ - INFO - Updating 201
2020-02-07 17:55:51,361 - __main__ - INFO - Updating 202
2020-02-07 17:55:55,489 - __main__ - INFO - Updating 203
2020-02-07 17:55:59,675 - __main__ - INFO - Updating 204
2020-02-07 17:56:04,414 - __main__ - INFO - Updating 205
2020-02-07 17:56:08,419 - __main__ - INFO - Updating 206
2020-02-07 17:56:12,437 - __main__ - INFO - Updating 207
2020-02-07 17:56:16,396 - __main__ - INFO - Updating 208
2020-02-07 17:56:20,412 - __main__ - INFO - Updating 209
2020-02-07 17:56:24,442 - __main__ - INFO - Updating 210
2020-02-07 17:56:28,418 - __main__ - INFO - Updating 211
2020-02-07 17:56:32,419 - __main__ - INFO - Updating 212
2020-02-07 17:56:36,753 - __main__ - INFO - Updating 213
2020-02-07 17:56:40,852 - __main__ - INFO - Updating 214
2020-02-07 17:56:44,881 - __main__ - INFO - Updating 215
2020-02-07 17:56:48,984 - __main__ - INFO - Updating 216
2020-02-07 17:56:53,058 - __main__ - INFO - Updating 217
2020-02-07 17:56:57,020 - __main__ - INFO - Updating 218
2020-02-07 17:57:01,103 - __main__ - INFO - Updating 219
2020-02-07 17:57:05,175 - __main__ - INFO - Updating 220
2020-02-07 17:57:09,155 - __main__ - INFO - Updating 221
2020-02-07 17:57:13,611 - __main__ - INFO - Updating 222
2020-02-07 17:57:17,591 - __main__ - INFO - Updating 223
2020-02-07 17:57:21,666 - __main__ - INFO - Updating 224
2020-02-07 17:57:25,710 - __main__ - INFO - Updating 225
2020-02-07 17:57:29,846 - __main__ - INFO - Updating 226
2020-02-07 17:57:33,811 - __main__ - INFO - Updating 227
2020-02-07 17:57:37,773 - __main__ - INFO - Updating 228
2020-02-07 17:57:41,853 - __main__ - INFO - Updating 229
2020-02-07 17:57:45,830 - __main__ - INFO - Updating 230
2020-02-07 17:57:49,995 - __main__ - INFO - Updating 231
2020-02-07 17:58:05,907 - __main__ - INFO - Updating 232
2020-02-07 17:58:14,345 - __main__ - INFO - Updating 233
2020-02-07 17:58:18,803 - __main__ - INFO - Updating 234
2020-02-07 17:58:31,754 - __main__ - INFO - Updating 235
2020-02-07 17:58:35,731 - __main__ - INFO - Updating 236
2020-02-07 17:58:40,418 - __main__ - INFO - Updating 237
2020-02-07 17:58:44,383 - __main__ - INFO - Updating 238
2020-02-07 17:58:48,382 - __main__ - INFO - Updating 239
2020-02-07 17:58:52,452 - __main__ - INFO - Updating 240
2020-02-07 17:58:56,938 - __main__ - INFO - Updating 241
2020-02-07 17:59:01,131 - __main__ - INFO - Updating 242
2020-02-07 17:59:05,207 - __main__ - INFO - Updating 243
2020-02-07 17:59:09,214 - __main__ - INFO - Updating 244
2020-02-07 17:59:13,249 - __main__ - INFO - Updating 245
2020-02-07 17:59:18,447 - __main__ - INFO - Updating 246
2020-02-07 17:59:22,651 - __main__ - INFO - Updating 247
2020-02-07 17:59:26,916 - __main__ - INFO - Updating 248
2020-02-07 17:59:31,479 - __main__ - INFO - Updating 249
2020-02-07 17:59:35,912 - __main__ - INFO - Updating 250
2020-02-07 17:59:40,331 - __main__ - INFO - Updating 251
2020-02-07 17:59:44,627 - __main__ - INFO - Updating 252
2020-02-07 17:59:48,627 - __main__ - INFO - Updating 253
2020-02-07 17:59:53,492 - __main__ - INFO - Updating 254
2020-02-07 17:59:57,689 - __main__ - INFO - Updating 255
2020-02-07 18:00:01,778 - __main__ - INFO - Updating 256
2020-02-07 18:00:05,906 - __main__ - INFO - Updating 257
2020-02-07 18:00:10,043 - __main__ - INFO - Updating 258
2020-02-07 18:00:14,587 - __main__ - INFO - Updating 259
2020-02-07 18:00:18,678 - __main__ - INFO - Updating 260
2020-02-07 18:00:23,146 - __main__ - INFO - Updating 261
2020-02-07 18:00:27,208 - __main__ - INFO - Updating 262
2020-02-07 18:00:31,206 - __main__ - INFO - Updating 263
2020-02-07 18:00:35,187 - __main__ - INFO - Updating 264
2020-02-07 18:00:39,194 - __main__ - INFO - Updating 265
2020-02-07 18:00:43,219 - __main__ - INFO - Updating 266
2020-02-07 18:00:47,227 - __main__ - INFO - Updating 267
2020-02-07 18:00:51,238 - __main__ - INFO - Updating 268
2020-02-07 18:00:55,230 - __main__ - INFO - Updating 269
2020-02-07 18:00:59,449 - __main__ - INFO - Updating 270
2020-02-07 18:01:03,468 - __main__ - INFO - Updating 271
2020-02-07 18:01:07,609 - __main__ - INFO - Updating 272
2020-02-07 18:01:11,730 - __main__ - INFO - Updating 273
2020-02-07 18:01:16,803 - __main__ - INFO - Updating 274
2020-02-07 18:01:20,835 - __main__ - INFO - Updating 275
2020-02-07 18:01:25,111 - __main__ - INFO - Updating 276
2020-02-07 18:01:29,307 - __main__ - INFO - Updating 277
2020-02-07 18:01:33,347 - __main__ - INFO - Updating 278
2020-02-07 18:01:37,598 - __main__ - INFO - Updating 279
2020-02-07 18:01:41,787 - __main__ - INFO - Updating 280
2020-02-07 18:01:45,809 - __main__ - INFO - Updating 281
2020-02-07 18:01:49,787 - __main__ - INFO - Updating 282
2020-02-07 18:01:53,829 - __main__ - INFO - Updating 283
2020-02-07 18:01:57,818 - __main__ - INFO - Updating 284
2020-02-07 18:02:01,967 - __main__ - INFO - Updating 285
2020-02-07 18:02:05,935 - __main__ - INFO - Updating 286
2020-02-07 18:02:09,951 - __main__ - INFO - Updating 287
2020-02-07 18:02:13,982 - __main__ - INFO - Updating 288
2020-02-07 18:02:18,314 - __main__ - INFO - Updating 289
2020-02-07 18:02:22,586 - __main__ - INFO - Updating 290
2020-02-07 18:02:26,577 - __main__ - INFO - Updating 291
2020-02-07 18:02:30,590 - __main__ - INFO - Updating 292
2020-02-07 18:02:34,613 - __main__ - INFO - Updating 293
2020-02-07 18:02:38,623 - __main__ - INFO - Updating 294
2020-02-07 18:02:42,627 - __main__ - INFO - Updating 295
2020-02-07 18:02:46,735 - __main__ - INFO - Updating 296
2020-02-07 18:02:50,729 - __main__ - INFO - Updating 297
2020-02-07 18:02:54,717 - __main__ - INFO - Updating 298
2020-02-07 18:02:58,713 - __main__ - INFO - Updating 299
2020-02-07 18:03:02,711 - __main__ - INFO - Updating 300
2020-02-07 18:03:06,782 - __main__ - INFO - Updating 301
2020-02-07 18:03:12,351 - __main__ - INFO - Updating 302
2020-02-07 18:03:16,503 - __main__ - INFO - Updating 303
2020-02-07 18:03:20,514 - __main__ - INFO - Updating 304
2020-02-07 18:03:24,554 - __main__ - INFO - Updating 305
2020-02-07 18:03:28,688 - __main__ - INFO - Updating 306
2020-02-07 18:03:32,746 - __main__ - INFO - Updating 307
2020-02-07 18:03:36,947 - __main__ - INFO - Updating 308
2020-02-07 18:03:41,044 - __main__ - INFO - Updating 309
2020-02-07 18:03:45,045 - __main__ - INFO - Updating 310
2020-02-07 18:03:49,047 - __main__ - INFO - Updating 311
2020-02-07 18:03:53,265 - __main__ - INFO - Updating 312
2020-02-07 18:03:57,270 - __main__ - INFO - Updating 313
2020-02-07 18:04:01,505 - __main__ - INFO - Updating 314
2020-02-07 18:04:05,787 - __main__ - INFO - Updating 315
2020-02-07 18:04:10,177 - __main__ - INFO - Updating 316
2020-02-07 18:04:14,434 - __main__ - INFO - Updating 317
2020-02-07 18:04:18,645 - __main__ - INFO - Updating 318
2020-02-07 18:04:23,070 - __main__ - INFO - Updating 319
2020-02-07 18:04:27,081 - __main__ - INFO - Updating 320
2020-02-07 18:04:31,402 - __main__ - INFO - Updating 321
2020-02-07 18:04:35,665 - __main__ - INFO - Updating 322
2020-02-07 18:04:39,934 - __main__ - INFO - Updating 323
2020-02-07 18:04:44,069 - __main__ - INFO - Updating 324
2020-02-07 18:04:48,339 - __main__ - INFO - Updating 325
2020-02-07 18:04:52,405 - __main__ - INFO - Updating 326
2020-02-07 18:04:56,686 - __main__ - INFO - Updating 327
2020-02-07 18:05:00,723 - __main__ - INFO - Updating 328
2020-02-07 18:05:04,834 - __main__ - INFO - Updating 329
2020-02-07 18:05:08,869 - __main__ - INFO - Updating 330
2020-02-07 18:05:12,931 - __main__ - INFO - Updating 331
2020-02-07 18:05:17,132 - __main__ - INFO - Updating 332
2020-02-07 18:05:21,170 - __main__ - INFO - Updating 333
2020-02-07 18:05:25,254 - __main__ - INFO - Updating 334
2020-02-07 18:05:29,274 - __main__ - INFO - Updating 335
2020-02-07 18:05:33,367 - __main__ - INFO - Updating 336
2020-02-07 18:05:37,403 - __main__ - INFO - Updating 337
2020-02-07 18:05:41,659 - __main__ - INFO - Updating 338
2020-02-07 18:05:45,945 - __main__ - INFO - Updating 339
2020-02-07 18:05:50,033 - __main__ - INFO - Updating 340
2020-02-07 18:05:54,241 - __main__ - INFO - Updating 341
2020-02-07 18:05:58,309 - __main__ - INFO - Updating 342
2020-02-07 18:06:02,387 - __main__ - INFO - Updating 343
2020-02-07 18:06:06,591 - __main__ - INFO - Updating 344
2020-02-07 18:06:10,623 - __main__ - INFO - Updating 345
2020-02-07 18:06:14,887 - __main__ - INFO - Updating 346
2020-02-07 18:06:19,363 - __main__ - INFO - Updating 347
2020-02-07 18:06:23,353 - __main__ - INFO - Updating 348
2020-02-07 18:06:27,519 - __main__ - INFO - Updating 349
2020-02-07 18:06:31,485 - __main__ - INFO - Updating 350
2020-02-07 18:06:35,490 - __main__ - INFO - Updating 351
2020-02-07 18:06:39,484 - __main__ - INFO - Updating 352
2020-02-07 18:06:43,822 - __main__ - INFO - Updating 353
2020-02-07 18:06:47,842 - __main__ - INFO - Updating 354
2020-02-07 18:06:52,197 - __main__ - INFO - Updating 355
2020-02-07 18:06:56,383 - __main__ - INFO - Updating 356
2020-02-07 18:07:00,390 - __main__ - INFO - Updating 357
2020-02-07 18:07:04,435 - __main__ - INFO - Updating 358
2020-02-07 18:07:08,466 - __main__ - INFO - Updating 359
2020-02-07 18:07:12,662 - __main__ - INFO - Updating 360
2020-02-07 18:07:16,937 - __main__ - INFO - Updating 361
2020-02-07 18:07:20,964 - __main__ - INFO - Updating 362
2020-02-07 18:07:25,087 - __main__ - INFO - Updating 363
2020-02-07 18:07:29,075 - __main__ - INFO - Updating 364
2020-02-07 18:07:33,187 - __main__ - INFO - Updating 365
2020-02-07 18:07:37,211 - __main__ - INFO - Updating 366
2020-02-07 18:07:41,171 - __main__ - INFO - Updating 367
2020-02-07 18:07:45,203 - __main__ - INFO - Updating 368
2020-02-07 18:07:49,173 - __main__ - INFO - Updating 369
2020-02-07 18:07:53,151 - __main__ - INFO - Updating 370
2020-02-07 18:07:57,430 - __main__ - INFO - Updating 371
2020-02-07 18:08:01,487 - __main__ - INFO - Updating 372
2020-02-07 18:08:05,675 - __main__ - INFO - Updating 373
2020-02-07 18:08:09,710 - __main__ - INFO - Updating 374
2020-02-07 18:08:13,786 - __main__ - INFO - Updating 375
2020-02-07 18:08:17,829 - __main__ - INFO - Updating 376
2020-02-07 18:08:21,932 - __main__ - INFO - Updating 377
2020-02-07 18:08:25,965 - __main__ - INFO - Updating 378
2020-02-07 18:08:29,974 - __main__ - INFO - Updating 379
2020-02-07 18:08:34,030 - __main__ - INFO - Updating 380
2020-02-07 18:08:38,359 - __main__ - INFO - Updating 381
2020-02-07 18:08:42,386 - __main__ - INFO - Updating 382
2020-02-07 18:08:46,346 - __main__ - INFO - Updating 383
2020-02-07 18:08:50,554 - __main__ - INFO - Updating 384
2020-02-07 18:08:54,539 - __main__ - INFO - Updating 385
2020-02-07 18:08:58,511 - __main__ - INFO - Updating 386
2020-02-07 18:09:02,485 - __main__ - INFO - Updating 387
2020-02-07 18:09:06,527 - __main__ - INFO - Updating 388
2020-02-07 18:09:10,555 - __main__ - INFO - Updating 389
2020-02-07 18:09:14,691 - __main__ - INFO - Updating 390
2020-02-07 18:09:18,669 - __main__ - INFO - Updating 391
2020-02-07 18:09:22,697 - __main__ - INFO - Updating 392
2020-02-07 18:09:26,698 - __main__ - INFO - Updating 393
2020-02-07 18:09:30,687 - __main__ - INFO - Updating 394
2020-02-07 18:09:34,787 - __main__ - INFO - Updating 395
2020-02-07 18:09:38,815 - __main__ - INFO - Updating 396
2020-02-07 18:09:42,792 - __main__ - INFO - Updating 397
2020-02-07 18:09:46,783 - __main__ - INFO - Updating 398
2020-02-07 18:09:50,779 - __main__ - INFO - Updating 399
2020-02-07 18:09:54,783 - __main__ - INFO - Updating 400
2020-02-07 18:09:58,836 - __main__ - INFO - Updating 401
2020-02-07 18:10:02,823 - __main__ - INFO - Updating 402
2020-02-07 18:10:06,949 - __main__ - INFO - Updating 403
2020-02-07 18:10:11,167 - __main__ - INFO - Updating 404
2020-02-07 18:10:15,234 - __main__ - INFO - Updating 405
2020-02-07 18:10:19,426 - __main__ - INFO - Updating 406
2020-02-07 18:10:23,519 - __main__ - INFO - Updating 407
2020-02-07 18:10:27,659 - __main__ - INFO - Updating 408
2020-02-07 18:10:31,658 - __main__ - INFO - Updating 409
2020-02-07 18:10:35,860 - __main__ - INFO - Updating 410
2020-02-07 18:10:39,919 - __main__ - INFO - Updating 411
2020-02-07 18:10:43,979 - __main__ - INFO - Updating 412
2020-02-07 18:10:48,289 - __main__ - INFO - Updating 413
2020-02-07 18:10:52,304 - __main__ - INFO - Updating 414
2020-02-07 18:10:56,322 - __main__ - INFO - Updating 415
2020-02-07 18:11:00,421 - __main__ - INFO - Updating 416
2020-02-07 18:11:04,605 - __main__ - INFO - Updating 417
2020-02-07 18:11:08,847 - __main__ - INFO - Updating 418
2020-02-07 18:11:12,827 - __main__ - INFO - Updating 419
2020-02-07 18:11:17,335 - __main__ - INFO - Updating 420
2020-02-07 18:11:22,138 - __main__ - INFO - Updating 421
2020-02-07 18:11:26,415 - __main__ - INFO - Updating 422
2020-02-07 18:11:30,726 - __main__ - INFO - Updating 423
2020-02-07 18:11:34,882 - __main__ - INFO - Updating 424
2020-02-07 18:11:39,249 - __main__ - INFO - Updating 425
2020-02-07 18:11:43,472 - __main__ - INFO - Updating 426
2020-02-07 18:11:47,463 - __main__ - INFO - Updating 427
2020-02-07 18:11:51,451 - __main__ - INFO - Updating 428
2020-02-07 18:11:55,471 - __main__ - INFO - Updating 429
2020-02-07 18:11:59,503 - __main__ - INFO - Updating 430
2020-02-07 18:12:03,865 - __main__ - INFO - Updating 431
2020-02-07 18:12:08,194 - __main__ - INFO - Updating 432
2020-02-07 18:12:12,301 - __main__ - INFO - Updating 433
2020-02-07 18:12:16,698 - __main__ - INFO - Updating 434
2020-02-07 18:12:20,862 - __main__ - INFO - Updating 435
2020-02-07 18:12:24,919 - __main__ - INFO - Updating 436
2020-02-07 18:12:29,209 - __main__ - INFO - Updating 437
2020-02-07 18:12:33,458 - __main__ - INFO - Updating 438
2020-02-07 18:12:37,791 - __main__ - INFO - Updating 439
2020-02-07 18:12:41,777 - __main__ - INFO - Updating 440
2020-02-07 18:12:45,997 - __main__ - INFO - Updating 441
2020-02-07 18:12:50,051 - __main__ - INFO - Updating 442
2020-02-07 18:12:54,102 - __main__ - INFO - Updating 443
2020-02-07 18:12:58,315 - __main__ - INFO - Updating 444
2020-02-07 18:13:02,495 - __main__ - INFO - Updating 445
2020-02-07 18:13:06,546 - __main__ - INFO - Updating 446
2020-02-07 18:13:10,611 - __main__ - INFO - Updating 447
2020-02-07 18:13:14,728 - __main__ - INFO - Updating 448
2020-02-07 18:13:18,929 - __main__ - INFO - Updating 449
2020-02-07 18:13:23,097 - __main__ - INFO - Updating 450
2020-02-07 18:13:27,565 - __main__ - INFO - Updating 451
2020-02-07 18:13:31,966 - __main__ - INFO - Updating 452
2020-02-07 18:13:36,823 - __main__ - INFO - Updating 453
2020-02-07 18:13:41,111 - __main__ - INFO - Updating 454
2020-02-07 18:13:45,134 - __main__ - INFO - Updating 455
2020-02-07 18:13:49,161 - __main__ - INFO - Updating 456
2020-02-07 18:13:53,221 - __main__ - INFO - Updating 457
2020-02-07 18:13:57,263 - __main__ - INFO - Updating 458
2020-02-07 18:14:01,315 - __main__ - INFO - Updating 459
2020-02-07 18:14:05,343 - __main__ - INFO - Updating 460
2020-02-07 18:14:09,562 - __main__ - INFO - Updating 461
2020-02-07 18:14:13,572 - __main__ - INFO - Updating 462
2020-02-07 18:14:17,574 - __main__ - INFO - Updating 463
2020-02-07 18:14:22,206 - __main__ - INFO - Updating 464
2020-02-07 18:14:26,318 - __main__ - INFO - Updating 465
2020-02-07 18:14:30,362 - __main__ - INFO - Updating 466
2020-02-07 18:14:34,621 - __main__ - INFO - Updating 467
2020-02-07 18:14:39,045 - __main__ - INFO - Updating 468
2020-02-07 18:14:43,079 - __main__ - INFO - Updating 469
2020-02-07 18:14:47,206 - __main__ - INFO - Updating 470
2020-02-07 18:14:51,299 - __main__ - INFO - Updating 471
2020-02-07 18:14:55,419 - __main__ - INFO - Updating 472
2020-02-07 18:14:59,503 - __main__ - INFO - Updating 473
2020-02-07 18:15:03,513 - __main__ - INFO - Updating 474
2020-02-07 18:15:07,501 - __main__ - INFO - Updating 475
2020-02-07 18:15:11,539 - __main__ - INFO - Updating 476
2020-02-07 18:15:15,837 - __main__ - INFO - Updating 477
2020-02-07 18:15:19,850 - __main__ - INFO - Updating 478
2020-02-07 18:15:23,894 - __main__ - INFO - Updating 479
2020-02-07 18:15:28,026 - __main__ - INFO - Updating 480
2020-02-07 18:15:32,294 - __main__ - INFO - Updating 481
2020-02-07 18:15:36,721 - __main__ - INFO - Updating 482
2020-02-07 18:15:40,897 - __main__ - INFO - Updating 483
2020-02-07 18:15:44,922 - __main__ - INFO - Updating 484
2020-02-07 18:15:48,926 - __main__ - INFO - Updating 485
2020-02-07 18:15:53,263 - __main__ - INFO - Updating 486
2020-02-07 18:15:57,355 - __main__ - INFO - Updating 487
2020-02-07 18:16:01,358 - __main__ - INFO - Updating 488
2020-02-07 18:16:05,424 - __main__ - INFO - Updating 489
2020-02-07 18:16:09,455 - __main__ - INFO - Updating 490
2020-02-07 18:16:13,542 - __main__ - INFO - Updating 491
2020-02-07 18:16:17,520 - __main__ - INFO - Updating 492
2020-02-07 18:16:21,635 - __main__ - INFO - Updating 493
2020-02-07 18:16:25,839 - __main__ - INFO - Updating 494
2020-02-07 18:16:29,940 - __main__ - INFO - Updating 495
2020-02-07 18:16:33,935 - __main__ - INFO - Updating 496
2020-02-07 18:16:38,057 - __main__ - INFO - Updating 497
2020-02-07 18:16:42,077 - __main__ - INFO - Updating 498
2020-02-07 18:16:46,175 - __main__ - INFO - Updating 499
2020-02-07 18:16:47,017 - __main__ - ERROR - Expecting value: line 1 column 1 (char 0)
Traceback (most recent call last):
  File "./bitmex_v2.py", line 130, in run
    self.update(i)
  File "./bitmex_v2.py", line 95, in update
    parsed = self.parse_data()
  File "./bitmex_v2.py", line 76, in parse_data
    return json.loads(data)
  File "/home/henri/anaconda3/lib/python3.7/json/__init__.py", line 348, in loads
    return _default_decoder.decode(s)
  File "/home/henri/anaconda3/lib/python3.7/json/decoder.py", line 337, in decode
    obj, end = self.raw_decode(s, idx=_w(s, 0).end())
  File "/home/henri/anaconda3/lib/python3.7/json/decoder.py", line 355, in raw_decode
    raise JSONDecodeError("Expecting value", s, err.value) from None
json.decoder.JSONDecodeError: Expecting value: line 1 column 1 (char 0)
